0 info it worked if it ends with ok
1 verbose cli [ '/usr/local/bin/node', '/usr/local/bin/npm', 'publish' ]
2 info using npm@4.1.2
3 info using node@v7.7.4
4 verbose publish [ '.' ]
5 silly cache add args [ '.', null ]
6 verbose cache add spec .
7 silly cache add parsed spec Result {
7 silly cache add   raw: '.',
7 silly cache add   scope: null,
7 silly cache add   escapedName: null,
7 silly cache add   name: null,
7 silly cache add   rawSpec: '.',
7 silly cache add   spec: '/home/anthony/Workspace/react-toasts',
7 silly cache add   type: 'directory' }
8 verbose addLocalDirectory /home/anthony/.npm/react-toasts/1.0.5/package.tgz not in flight; packing
9 verbose correctMkdir /home/anthony/.npm correctMkdir not in flight; initializing
10 info lifecycle react-toasts@1.0.5~prepublish: react-toasts@1.0.5
11 silly lifecycle react-toasts@1.0.5~prepublish: no script for prepublish, continuing
12 info lifecycle react-toasts@1.0.5~prepare: react-toasts@1.0.5
13 silly lifecycle react-toasts@1.0.5~prepare: no script for prepare, continuing
14 verbose tar pack [ '/home/anthony/.npm/react-toasts/1.0.5/package.tgz',
14 verbose tar pack   '/home/anthony/Workspace/react-toasts' ]
15 verbose tarball /home/anthony/.npm/react-toasts/1.0.5/package.tgz
16 verbose folder /home/anthony/Workspace/react-toasts
17 verbose addLocalTarball adding from inside cache /home/anthony/.npm/react-toasts/1.0.5/package.tgz
18 verbose correctMkdir /home/anthony/.npm correctMkdir not in flight; initializing
19 silly cache afterAdd react-toasts@1.0.5
20 verbose afterAdd /home/anthony/.npm/react-toasts/1.0.5/package/package.json not in flight; writing
21 verbose correctMkdir /home/anthony/.npm correctMkdir not in flight; initializing
22 verbose afterAdd /home/anthony/.npm/react-toasts/1.0.5/package/package.json written
23 silly publish { name: 'react-toasts',
23 silly publish   version: '1.0.5',
23 silly publish   description: 'Simple react alerter',
23 silly publish   main: './index.js',
23 silly publish   scripts:
23 silly publish    { test: 'echo "Error: no test specified" && exit 1',
23 silly publish      publish: './node_modules/nwb/lib/bin/nwb.js build-demo && ./node_modules/gh-pages/bin/gh-pages -d demo/dist' },
23 silly publish   repository:
23 silly publish    { type: 'git',
23 silly publish      url: 'git+https://github.com/vashnak/react-toasts.git' },
23 silly publish   engines: { node: '>=6', npm: '>=3' },
23 silly publish   keywords: [ 'react', 'toast', 'toaster', 'alert', 'alerter' ],
23 silly publish   dependencies:
23 silly publish    { 'gh-pages': '^0.12.0',
23 silly publish      nwb: '^0.15.6',
23 silly publish      react: '15.5.4',
23 silly publish      'react-transition-group': '1.1.2',
23 silly publish      'watchable-store': '1.0.4' },
23 silly publish   author: { name: 'Vashnak' },
23 silly publish   license: 'WTFPL',
23 silly publish   bugs: { url: 'https://github.com/Vashnak/react-toasts/issues' },
23 silly publish   homepage: 'https://github.com/Vashnak/react-toasts',
23 silly publish   devDependencies:
23 silly publish    { 'babel-cli': '^6.24.1',
23 silly publish      'babel-plugin-transform-react-jsx': '^6.24.1',
23 silly publish      'babel-preset-es2015': '^6.24.1' },
23 silly publish   readme: 'Simple react alerter\n==========\n\n# React-toasts\n\nreact-toasts is a very simple component to create toasts.\n\n![alt text](https://github.com/Vashnak/react-toasts/blob/master/demo.gif)\n\nDemo\'s url : https://vashnak.github.io/react-toasts/\n\n# How to use\n\nFirst install it as a dependency\n``` sh\n$ npm install -S react-toasts\n```\n\nYou have to import both variables : ToastContainer and ToastStore\n\n\nFirst install it as a dependency\n``` js\nimport {ToastContainer, ToastStore} from \'react-toasts\';\n```\n\nToastContainer is (thx captain obvious) the container of your toasts :).\nToastStore will permit you to send toasts to the container.\n\nYou can know start to use it\n\n``` html\n<ToastContainer store={ToastStore}/>\n```\n\nAs you can see you need to set the ToastStore as parameter, it won\'t work if you forget it.\nNow you can simply call one of the 4 functions of the ToastStore :\n\n- **success(message, timer)** : green toast.\n- **info(message, timer)** : white toast.\n- **warning(message, timer)** : yellow toast.\n- **error(message, timer)** : red toast.\n\nThe **timer** parameter is optional, the default value is 3000ms. Your message cannot contain html atm.\n',
23 silly publish   readmeFilename: 'README.md',
23 silly publish   gitHead: 'f93562c93e1bbeb71a6f429aa1613e6959a9f32b',
23 silly publish   _id: 'react-toasts@1.0.5',
23 silly publish   _shasum: 'e21c441732b80a4030558142cd9705d033a13ddf',
23 silly publish   _from: '.' }
24 info lifecycle react-toasts@1.0.5~prepublishOnly: react-toasts@1.0.5
25 silly lifecycle react-toasts@1.0.5~prepublishOnly: no script for prepublishOnly, continuing
26 verbose getPublishConfig undefined
27 silly mapToRegistry name react-toasts
28 silly mapToRegistry using default registry
29 silly mapToRegistry registry https://registry.npmjs.org/
30 silly mapToRegistry data Result {
30 silly mapToRegistry   raw: 'react-toasts',
30 silly mapToRegistry   scope: null,
30 silly mapToRegistry   escapedName: 'react-toasts',
30 silly mapToRegistry   name: 'react-toasts',
30 silly mapToRegistry   rawSpec: '',
30 silly mapToRegistry   spec: 'latest',
30 silly mapToRegistry   type: 'tag' }
31 silly mapToRegistry uri https://registry.npmjs.org/react-toasts
32 verbose publish registryBase https://registry.npmjs.org/
33 silly publish uploading /home/anthony/.npm/react-toasts/1.0.5/package.tgz
34 verbose request uri https://registry.npmjs.org/react-toasts
35 verbose request sending authorization for write operation
36 info attempt registry request try #1 at 11:15:29 AM
37 verbose request using bearer token for auth
38 verbose request id 5203c03d37f0a5ac
39 http request PUT https://registry.npmjs.org/react-toasts
40 http 403 https://registry.npmjs.org/react-toasts
41 verbose headers { 'content-type': 'application/json',
41 verbose headers   'cache-control': 'max-age=300',
41 verbose headers   'content-length': '95',
41 verbose headers   'accept-ranges': 'bytes',
41 verbose headers   date: 'Thu, 27 Apr 2017 09:15:32 GMT',
41 verbose headers   via: '1.1 varnish',
41 verbose headers   connection: 'keep-alive',
41 verbose headers   'x-served-by': 'cache-cdg8723-CDG',
41 verbose headers   'x-cache': 'MISS',
41 verbose headers   'x-cache-hits': '0',
41 verbose headers   'x-timer': 'S1493284530.737929,VS0,VE2408',
41 verbose headers   vary: 'Accept-Encoding' }
42 verbose request invalidating /home/anthony/.npm/registry.npmjs.org/react-toasts on PUT
43 error publish Failed PUT 403
44 verbose stack Error: "You cannot publish over the previously published version 1.0.5." : react-toasts
44 verbose stack     at makeError (/usr/local/lib/node_modules/npm/node_modules/npm-registry-client/lib/request.js:304:12)
44 verbose stack     at CachingRegistryClient.<anonymous> (/usr/local/lib/node_modules/npm/node_modules/npm-registry-client/lib/request.js:292:14)
44 verbose stack     at Request._callback (/usr/local/lib/node_modules/npm/node_modules/npm-registry-client/lib/request.js:212:14)
44 verbose stack     at Request.self.callback (/usr/local/lib/node_modules/npm/node_modules/request/request.js:186:22)
44 verbose stack     at emitTwo (events.js:106:13)
44 verbose stack     at Request.emit (events.js:194:7)
44 verbose stack     at Request.<anonymous> (/usr/local/lib/node_modules/npm/node_modules/request/request.js:1081:10)
44 verbose stack     at emitOne (events.js:96:13)
44 verbose stack     at Request.emit (events.js:191:7)
44 verbose stack     at IncomingMessage.<anonymous> (/usr/local/lib/node_modules/npm/node_modules/request/request.js:1001:12)
45 verbose statusCode 403
46 verbose pkgid react-toasts
47 verbose cwd /home/anthony/Workspace/react-toasts
48 error Linux 4.9.3-040903-generic
49 error argv "/usr/local/bin/node" "/usr/local/bin/npm" "publish"
50 error node v7.7.4
51 error npm  v4.1.2
52 error code E403
53 error "You cannot publish over the previously published version 1.0.5." : react-toasts
54 error If you need help, you may report this error at:
54 error     <https://github.com/npm/npm/issues>
55 verbose exit [ 1, true ]
